2016-11-09 18:05:05,709 0    [main] INFO  org.hibernate.annotations.common.Version  - HCANN000001: Hibernate Commons Annotations {4.0.5.Final}
2016-11-09 18:05:05,716 7    [main] INFO  org.hibernate.Version  - HHH000412: Hibernate Core {4.3.11.Final}
2016-11-09 18:05:05,718 9    [main] INFO  org.hibernate.cfg.Environment  - HHH000206: hibernate.properties not found
2016-11-09 18:05:05,719 10   [main] INFO  org.hibernate.cfg.Environment  - HHH000021: Bytecode provider name : javassist
2016-11-09 18:05:05,735 26   [main] INFO  org.hibernate.cfg.Configuration  - HHH000043: Configuring from resource: /hibernate.cfg.xml
2016-11-09 18:05:05,735 26   [main] INFO  org.hibernate.cfg.Configuration  - HHH000040: Configuration resource: /hibernate.cfg.xml
2016-11-09 18:05:05,826 117  [main] INFO  org.hibernate.cfg.Configuration  - HHH000041: Configured SessionFactory: null
2016-11-09 18:05:05,904 195  [main] WARN  org.hibernate.engine.jdbc.connections.internal.DriverManagerConnectionProviderImpl  - HHH000402: Using Hibernate built-in connection pool (not for production use!)
2016-11-09 18:05:05,912 203  [main] INFO  org.hibernate.engine.jdbc.connections.internal.DriverManagerConnectionProviderImpl  - HHH000401: using driver [com.mysql.jdbc.Driver] at URL [jdbc:mysql://localhost:3306/affirmation_db]
2016-11-09 18:05:05,913 204  [main] INFO  org.hibernate.engine.jdbc.connections.internal.DriverManagerConnectionProviderImpl  - HHH000046: Connection properties: {user=root, password=****}
2016-11-09 18:05:05,913 204  [main] INFO  org.hibernate.engine.jdbc.connections.internal.DriverManagerConnectionProviderImpl  - HHH000006: Autocommit mode: false
2016-11-09 18:05:05,915 206  [main] INFO  org.hibernate.engine.jdbc.connections.internal.DriverManagerConnectionProviderImpl  - HHH000115: Hibernate connection pool size: 20 (min=1)
2016-11-09 18:05:06,369 660  [main] INFO  org.hibernate.dialect.Dialect  - HHH000400: Using dialect: org.hibernate.dialect.MySQL5Dialect
2016-11-09 18:05:06,511 802  [main] INFO  org.hibernate.engine.transaction.internal.TransactionFactoryInitiator  - HHH000399: Using default transaction strategy (direct JDBC transactions)
2016-11-09 18:05:06,514 805  [main] INFO  org.hibernate.hql.internal.ast.ASTQueryTranslatorFactory  - HHH000397: Using ASTQueryTranslatorFactory
2016-11-09 18:05:07,086 1377 [main] INFO  edu.matc.persistence.AffirmationDaoTest  - The affirmation list is: [edu.matc.entity.Affirmation@35a9782c, edu.matc.entity.Affirmation@732f29af, edu.matc.entity.Affirmation@d3957fe]
2016-11-09 18:05:07,134 1425 [main] INFO  edu.matc.persistence.AffirmationDaoTest  - The delete id is: 6
2016-11-09 18:05:07,153 1444 [main] INFO  edu.matc.persistence.AffirmationDaoTest  - The id of the added Affirmation: 10
2016-11-09 18:05:07,168 1459 [main] INFO  edu.matc.persistence.AffirmationDaoTest  - The affirmation is: edu.matc.entity.Affirmation@2cc3ad05
2016-11-09 18:05:07,205 1496 [main] INFO  edu.matc.persistence.CategoryDao  - Category from id name success: Success List size of cat [edu.matc.entity.Category@2371aaca]
2016-11-09 18:05:07,218 1509 [main] INFO  edu.matc.persistence.AffirmationDaoTest  - The list of aff by category: [edu.matc.entity.Affirmation@2374d36a, edu.matc.entity.Affirmation@54d18072]
2016-11-09 18:05:07,243 1534 [main] INFO  edu.matc.persistence.AffirmationDaoTest  - This is the update test: edu.matc.entity.Affirmation@4e70a728
2016-11-09 18:05:07,279 1570 [main] INFO  edu.matc.persistence.CategoryDaoTest  - The delete id is: 3
2016-11-09 18:05:07,290 1581 [main] INFO  edu.matc.persistence.CategoryDao  - Category from id name success: Success List size of cat [edu.matc.entity.Category@1522d8a0]
2016-11-09 18:05:07,290 1581 [main] INFO  edu.matc.persistence.CategoryDaoTest  - The category id for success: 4
2016-11-09 18:05:07,316 1607 [main] INFO  edu.matc.persistence.CategoryDaoTest  - The id of the added category: 10
2016-11-09 18:05:07,327 1618 [main] INFO  edu.matc.persistence.CategoryDaoTest  - The category list is: [edu.matc.entity.Category@75b25825, edu.matc.entity.Category@18025ced, edu.matc.entity.Category@13cf7d52]
2016-11-09 18:05:07,342 1633 [main] INFO  edu.matc.persistence.CategoryDaoTest  - The category is: edu.matc.entity.Category@6f0b0a5e
2016-11-09 18:05:07,374 1665 [main] INFO  edu.matc.persistence.CategoryDaoTest  - This is the update test: edu.matc.entity.Category@4b20ca2b
2016-11-09 18:09:48,003 0    [main] INFO  org.hibernate.annotations.common.Version  - HCANN000001: Hibernate Commons Annotations {4.0.5.Final}
2016-11-09 18:09:48,011 8    [main] INFO  org.hibernate.Version  - HHH000412: Hibernate Core {4.3.11.Final}
2016-11-09 18:09:48,014 11   [main] INFO  org.hibernate.cfg.Environment  - HHH000206: hibernate.properties not found
2016-11-09 18:09:48,017 14   [main] INFO  org.hibernate.cfg.Environment  - HHH000021: Bytecode provider name : javassist
2016-11-09 18:09:48,037 34   [main] INFO  org.hibernate.cfg.Configuration  - HHH000043: Configuring from resource: /hibernate.cfg.xml
2016-11-09 18:09:48,037 34   [main] INFO  org.hibernate.cfg.Configuration  - HHH000040: Configuration resource: /hibernate.cfg.xml
2016-11-09 18:09:48,148 145  [main] INFO  org.hibernate.cfg.Configuration  - HHH000041: Configured SessionFactory: null
2016-11-09 18:09:48,265 262  [main] WARN  org.hibernate.engine.jdbc.connections.internal.DriverManagerConnectionProviderImpl  - HHH000402: Using Hibernate built-in connection pool (not for production use!)
2016-11-09 18:09:48,278 275  [main] INFO  org.hibernate.engine.jdbc.connections.internal.DriverManagerConnectionProviderImpl  - HHH000401: using driver [com.mysql.jdbc.Driver] at URL [jdbc:mysql://localhost:3306/affirmation_db]
2016-11-09 18:09:48,279 276  [main] INFO  org.hibernate.engine.jdbc.connections.internal.DriverManagerConnectionProviderImpl  - HHH000046: Connection properties: {user=root, password=****}
2016-11-09 18:09:48,279 276  [main] INFO  org.hibernate.engine.jdbc.connections.internal.DriverManagerConnectionProviderImpl  - HHH000006: Autocommit mode: false
2016-11-09 18:09:48,280 277  [main] INFO  org.hibernate.engine.jdbc.connections.internal.DriverManagerConnectionProviderImpl  - HHH000115: Hibernate connection pool size: 20 (min=1)
2016-11-09 18:09:48,741 738  [main] INFO  org.hibernate.dialect.Dialect  - HHH000400: Using dialect: org.hibernate.dialect.MySQL5Dialect
2016-11-09 18:09:48,894 891  [main] INFO  org.hibernate.engine.transaction.internal.TransactionFactoryInitiator  - HHH000399: Using default transaction strategy (direct JDBC transactions)
2016-11-09 18:09:48,899 896  [main] INFO  org.hibernate.hql.internal.ast.ASTQueryTranslatorFactory  - HHH000397: Using ASTQueryTranslatorFactory
2016-11-09 18:09:49,491 1488 [main] INFO  edu.matc.persistence.CategoryDao  - Category from id name success: Success List size of cat [edu.matc.entity.Category@31d0e481]
2016-11-09 18:09:49,502 1499 [main] INFO  edu.matc.persistence.AffirmationDaoTest  - The list of aff by category: [edu.matc.entity.Affirmation@7ca33c24, edu.matc.entity.Affirmation@fade1fc]
2016-11-09 18:09:57,489 0    [main] INFO  org.hibernate.annotations.common.Version  - HCANN000001: Hibernate Commons Annotations {4.0.5.Final}
2016-11-09 18:09:57,495 6    [main] INFO  org.hibernate.Version  - HHH000412: Hibernate Core {4.3.11.Final}
2016-11-09 18:09:57,496 7    [main] INFO  org.hibernate.cfg.Environment  - HHH000206: hibernate.properties not found
2016-11-09 18:09:57,498 9    [main] INFO  org.hibernate.cfg.Environment  - HHH000021: Bytecode provider name : javassist
2016-11-09 18:09:57,518 29   [main] INFO  org.hibernate.cfg.Configuration  - HHH000043: Configuring from resource: /hibernate.cfg.xml
2016-11-09 18:09:57,518 29   [main] INFO  org.hibernate.cfg.Configuration  - HHH000040: Configuration resource: /hibernate.cfg.xml
2016-11-09 18:09:57,592 103  [main] INFO  org.hibernate.cfg.Configuration  - HHH000041: Configured SessionFactory: null
2016-11-09 18:09:57,692 203  [main] WARN  org.hibernate.engine.jdbc.connections.internal.DriverManagerConnectionProviderImpl  - HHH000402: Using Hibernate built-in connection pool (not for production use!)
2016-11-09 18:09:57,700 211  [main] INFO  org.hibernate.engine.jdbc.connections.internal.DriverManagerConnectionProviderImpl  - HHH000401: using driver [com.mysql.jdbc.Driver] at URL [jdbc:mysql://localhost:3306/affirmation_db]
2016-11-09 18:09:57,701 212  [main] INFO  org.hibernate.engine.jdbc.connections.internal.DriverManagerConnectionProviderImpl  - HHH000046: Connection properties: {user=root, password=****}
2016-11-09 18:09:57,701 212  [main] INFO  org.hibernate.engine.jdbc.connections.internal.DriverManagerConnectionProviderImpl  - HHH000006: Autocommit mode: false
2016-11-09 18:09:57,702 213  [main] INFO  org.hibernate.engine.jdbc.connections.internal.DriverManagerConnectionProviderImpl  - HHH000115: Hibernate connection pool size: 20 (min=1)
2016-11-09 18:09:58,175 686  [main] INFO  org.hibernate.dialect.Dialect  - HHH000400: Using dialect: org.hibernate.dialect.MySQL5Dialect
2016-11-09 18:09:58,339 850  [main] INFO  org.hibernate.engine.transaction.internal.TransactionFactoryInitiator  - HHH000399: Using default transaction strategy (direct JDBC transactions)
2016-11-09 18:09:58,344 855  [main] INFO  org.hibernate.hql.internal.ast.ASTQueryTranslatorFactory  - HHH000397: Using ASTQueryTranslatorFactory
2016-11-09 18:09:58,927 1438 [main] INFO  edu.matc.persistence.CategoryDao  - Category from id name success: Success List size of cat [edu.matc.entity.Category@31d0e481]
2016-11-09 18:09:58,943 1454 [main] INFO  edu.matc.persistence.AffirmationDaoTest  - The list of aff by category: [edu.matc.entity.Affirmation@7ca33c24, edu.matc.entity.Affirmation@fade1fc]
2016-11-09 18:10:12,743 0    [main] INFO  org.hibernate.annotations.common.Version  - HCANN000001: Hibernate Commons Annotations {4.0.5.Final}
2016-11-09 18:10:12,748 5    [main] INFO  org.hibernate.Version  - HHH000412: Hibernate Core {4.3.11.Final}
2016-11-09 18:10:12,750 7    [main] INFO  org.hibernate.cfg.Environment  - HHH000206: hibernate.properties not found
2016-11-09 18:10:12,752 9    [main] INFO  org.hibernate.cfg.Environment  - HHH000021: Bytecode provider name : javassist
2016-11-09 18:10:12,769 26   [main] INFO  org.hibernate.cfg.Configuration  - HHH000043: Configuring from resource: /hibernate.cfg.xml
2016-11-09 18:10:12,769 26   [main] INFO  org.hibernate.cfg.Configuration  - HHH000040: Configuration resource: /hibernate.cfg.xml
2016-11-09 18:10:12,841 98   [main] INFO  org.hibernate.cfg.Configuration  - HHH000041: Configured SessionFactory: null
2016-11-09 18:10:12,955 212  [main] WARN  org.hibernate.engine.jdbc.connections.internal.DriverManagerConnectionProviderImpl  - HHH000402: Using Hibernate built-in connection pool (not for production use!)
2016-11-09 18:10:12,963 220  [main] INFO  org.hibernate.engine.jdbc.connections.internal.DriverManagerConnectionProviderImpl  - HHH000401: using driver [com.mysql.jdbc.Driver] at URL [jdbc:mysql://localhost:3306/affirmation_db]
2016-11-09 18:10:12,964 221  [main] INFO  org.hibernate.engine.jdbc.connections.internal.DriverManagerConnectionProviderImpl  - HHH000046: Connection properties: {user=root, password=****}
2016-11-09 18:10:12,964 221  [main] INFO  org.hibernate.engine.jdbc.connections.internal.DriverManagerConnectionProviderImpl  - HHH000006: Autocommit mode: false
2016-11-09 18:10:12,966 223  [main] INFO  org.hibernate.engine.jdbc.connections.internal.DriverManagerConnectionProviderImpl  - HHH000115: Hibernate connection pool size: 20 (min=1)
2016-11-09 18:10:13,414 671  [main] INFO  org.hibernate.dialect.Dialect  - HHH000400: Using dialect: org.hibernate.dialect.MySQL5Dialect
2016-11-09 18:10:13,580 837  [main] INFO  org.hibernate.engine.transaction.internal.TransactionFactoryInitiator  - HHH000399: Using default transaction strategy (direct JDBC transactions)
2016-11-09 18:10:13,584 841  [main] INFO  org.hibernate.hql.internal.ast.ASTQueryTranslatorFactory  - HHH000397: Using ASTQueryTranslatorFactory
2016-11-09 18:10:14,115 1372 [main] INFO  edu.matc.persistence.AffirmationDaoTest  - The affirmation list is: [edu.matc.entity.Affirmation@34cdeda2, edu.matc.entity.Affirmation@4535b6d5, edu.matc.entity.Affirmation@1ecee32c]
2016-11-09 18:10:14,158 1415 [main] INFO  edu.matc.persistence.AffirmationDaoTest  - The delete id is: 6
2016-11-09 18:10:14,171 1428 [main] INFO  edu.matc.persistence.AffirmationDaoTest  - The id of the added Affirmation: 10
2016-11-09 18:10:14,187 1444 [main] INFO  edu.matc.persistence.AffirmationDaoTest  - The affirmation is: edu.matc.entity.Affirmation@3e821657
2016-11-09 18:10:14,224 1481 [main] INFO  edu.matc.persistence.CategoryDao  - Category from id name success: Success List size of cat [edu.matc.entity.Category@4218500f]
2016-11-09 18:10:14,232 1489 [main] INFO  edu.matc.persistence.AffirmationDaoTest  - The list of aff by category: [edu.matc.entity.Affirmation@6f2cfcc2, edu.matc.entity.Affirmation@7f6f61c8]
2016-11-09 18:10:14,266 1523 [main] INFO  edu.matc.persistence.AffirmationDaoTest  - This is the update test: edu.matc.entity.Affirmation@655ef322
2016-11-09 18:17:06,122 0    [main] INFO  org.hibernate.annotations.common.Version  - HCANN000001: Hibernate Commons Annotations {4.0.5.Final}
2016-11-09 18:17:06,132 10   [main] INFO  org.hibernate.Version  - HHH000412: Hibernate Core {4.3.11.Final}
2016-11-09 18:17:06,133 11   [main] INFO  org.hibernate.cfg.Environment  - HHH000206: hibernate.properties not found
2016-11-09 18:17:06,136 14   [main] INFO  org.hibernate.cfg.Environment  - HHH000021: Bytecode provider name : javassist
2016-11-09 18:17:06,154 32   [main] INFO  org.hibernate.cfg.Configuration  - HHH000043: Configuring from resource: /hibernate.cfg.xml
2016-11-09 18:17:06,154 32   [main] INFO  org.hibernate.cfg.Configuration  - HHH000040: Configuration resource: /hibernate.cfg.xml
2016-11-09 18:17:06,258 136  [main] INFO  org.hibernate.cfg.Configuration  - HHH000041: Configured SessionFactory: null
2016-11-09 18:17:06,361 239  [main] WARN  org.hibernate.engine.jdbc.connections.internal.DriverManagerConnectionProviderImpl  - HHH000402: Using Hibernate built-in connection pool (not for production use!)
2016-11-09 18:17:06,374 252  [main] INFO  org.hibernate.engine.jdbc.connections.internal.DriverManagerConnectionProviderImpl  - HHH000401: using driver [com.mysql.jdbc.Driver] at URL [jdbc:mysql://localhost:3306/affirmation_db]
2016-11-09 18:17:06,375 253  [main] INFO  org.hibernate.engine.jdbc.connections.internal.DriverManagerConnectionProviderImpl  - HHH000046: Connection properties: {user=root, password=****}
2016-11-09 18:17:06,376 254  [main] INFO  org.hibernate.engine.jdbc.connections.internal.DriverManagerConnectionProviderImpl  - HHH000006: Autocommit mode: false
2016-11-09 18:17:06,381 259  [main] INFO  org.hibernate.engine.jdbc.connections.internal.DriverManagerConnectionProviderImpl  - HHH000115: Hibernate connection pool size: 20 (min=1)
2016-11-09 18:17:06,831 709  [main] INFO  org.hibernate.dialect.Dialect  - HHH000400: Using dialect: org.hibernate.dialect.MySQL5Dialect
2016-11-09 18:17:06,982 860  [main] INFO  org.hibernate.engine.transaction.internal.TransactionFactoryInitiator  - HHH000399: Using default transaction strategy (direct JDBC transactions)
2016-11-09 18:17:06,988 866  [main] INFO  org.hibernate.hql.internal.ast.ASTQueryTranslatorFactory  - HHH000397: Using ASTQueryTranslatorFactory
2016-11-09 18:17:07,564 1442 [main] INFO  edu.matc.persistence.AffirmationDaoTest  - The affirmation list is: [edu.matc.entity.Affirmation@35a9782c, edu.matc.entity.Affirmation@732f29af, edu.matc.entity.Affirmation@d3957fe]
2016-11-09 18:17:07,608 1486 [main] INFO  edu.matc.persistence.AffirmationDaoTest  - The delete id is: 6
2016-11-09 18:17:07,618 1496 [main] INFO  edu.matc.persistence.AffirmationDaoTest  - The id of the added Affirmation: 10
2016-11-09 18:17:07,629 1507 [main] INFO  edu.matc.persistence.AffirmationDaoTest  - The affirmation is: edu.matc.entity.Affirmation@2cc3ad05
2016-11-09 18:17:07,666 1544 [main] INFO  edu.matc.persistence.CategoryDao  - Category from id name success: Success List size of cat [edu.matc.entity.Category@2371aaca]
2016-11-09 18:17:07,676 1554 [main] INFO  edu.matc.persistence.AffirmationDaoTest  - The list of aff by category: [edu.matc.entity.Affirmation@2374d36a, edu.matc.entity.Affirmation@54d18072]
2016-11-09 18:17:07,707 1585 [main] INFO  edu.matc.persistence.AffirmationDaoTest  - This is the update test: edu.matc.entity.Affirmation@4e70a728
2016-11-09 18:17:07,754 1632 [main] INFO  edu.matc.persistence.CategoryDaoTest  - The delete id is: 3
2016-11-09 18:17:07,763 1641 [main] INFO  edu.matc.persistence.CategoryDao  - Category from id name success: Success List size of cat [edu.matc.entity.Category@1522d8a0]
2016-11-09 18:17:07,764 1642 [main] INFO  edu.matc.persistence.CategoryDaoTest  - The category id for success: 4
2016-11-09 18:17:07,792 1670 [main] INFO  edu.matc.persistence.CategoryDaoTest  - The id of the added category: 10
2016-11-09 18:17:07,803 1681 [main] INFO  edu.matc.persistence.CategoryDaoTest  - The category list is: [edu.matc.entity.Category@75b25825, edu.matc.entity.Category@18025ced, edu.matc.entity.Category@13cf7d52]
2016-11-09 18:17:07,821 1699 [main] INFO  edu.matc.persistence.CategoryDaoTest  - The category is: edu.matc.entity.Category@6f0b0a5e
2016-11-09 18:17:07,857 1735 [main] INFO  edu.matc.persistence.CategoryDaoTest  - This is the update test: edu.matc.entity.Category@4b20ca2b
2016-11-09 18:17:29,282 0    [main] INFO  org.hibernate.annotations.common.Version  - HCANN000001: Hibernate Commons Annotations {4.0.5.Final}
2016-11-09 18:17:29,288 6    [main] INFO  org.hibernate.Version  - HHH000412: Hibernate Core {4.3.11.Final}
2016-11-09 18:17:29,289 7    [main] INFO  org.hibernate.cfg.Environment  - HHH000206: hibernate.properties not found
2016-11-09 18:17:29,292 10   [main] INFO  org.hibernate.cfg.Environment  - HHH000021: Bytecode provider name : javassist
2016-11-09 18:17:29,310 28   [main] INFO  org.hibernate.cfg.Configuration  - HHH000043: Configuring from resource: /hibernate.cfg.xml
2016-11-09 18:17:29,311 29   [main] INFO  org.hibernate.cfg.Configuration  - HHH000040: Configuration resource: /hibernate.cfg.xml
2016-11-09 18:17:29,391 109  [main] INFO  org.hibernate.cfg.Configuration  - HHH000041: Configured SessionFactory: null
2016-11-09 18:17:29,477 195  [main] WARN  org.hibernate.engine.jdbc.connections.internal.DriverManagerConnectionProviderImpl  - HHH000402: Using Hibernate built-in connection pool (not for production use!)
2016-11-09 18:17:29,483 201  [main] INFO  org.hibernate.engine.jdbc.connections.internal.DriverManagerConnectionProviderImpl  - HHH000401: using driver [com.mysql.jdbc.Driver] at URL [jdbc:mysql://localhost:3306/affirmation_db]
2016-11-09 18:17:29,483 201  [main] INFO  org.hibernate.engine.jdbc.connections.internal.DriverManagerConnectionProviderImpl  - HHH000046: Connection properties: {user=root, password=****}
2016-11-09 18:17:29,484 202  [main] INFO  org.hibernate.engine.jdbc.connections.internal.DriverManagerConnectionProviderImpl  - HHH000006: Autocommit mode: false
2016-11-09 18:17:29,485 203  [main] INFO  org.hibernate.engine.jdbc.connections.internal.DriverManagerConnectionProviderImpl  - HHH000115: Hibernate connection pool size: 20 (min=1)
2016-11-09 18:17:29,862 580  [main] INFO  org.hibernate.dialect.Dialect  - HHH000400: Using dialect: org.hibernate.dialect.MySQL5Dialect
2016-11-09 18:17:30,006 724  [main] INFO  org.hibernate.engine.transaction.internal.TransactionFactoryInitiator  - HHH000399: Using default transaction strategy (direct JDBC transactions)
2016-11-09 18:17:30,010 728  [main] INFO  org.hibernate.hql.internal.ast.ASTQueryTranslatorFactory  - HHH000397: Using ASTQueryTranslatorFactory
2016-11-09 18:17:30,523 1241 [main] INFO  edu.matc.persistence.AffirmationDaoTest  - The affirmation list is: [edu.matc.entity.Affirmation@35a9782c, edu.matc.entity.Affirmation@732f29af, edu.matc.entity.Affirmation@d3957fe]
2016-11-09 18:17:30,566 1284 [main] INFO  edu.matc.persistence.AffirmationDaoTest  - The delete id is: 6
2016-11-09 18:17:30,582 1300 [main] INFO  edu.matc.persistence.AffirmationDaoTest  - The id of the added Affirmation: 10
2016-11-09 18:17:30,598 1316 [main] INFO  edu.matc.persistence.AffirmationDaoTest  - The affirmation is: edu.matc.entity.Affirmation@2cc3ad05
2016-11-09 18:17:30,630 1348 [main] INFO  edu.matc.persistence.CategoryDao  - Category from id name success: Success List size of cat [edu.matc.entity.Category@2371aaca]
2016-11-09 18:17:30,639 1357 [main] INFO  edu.matc.persistence.AffirmationDaoTest  - The list of aff by category: [edu.matc.entity.Affirmation@2374d36a, edu.matc.entity.Affirmation@54d18072]
2016-11-09 18:17:30,666 1384 [main] INFO  edu.matc.persistence.AffirmationDaoTest  - This is the update test: edu.matc.entity.Affirmation@4e70a728
2016-11-09 18:17:30,705 1423 [main] INFO  edu.matc.persistence.CategoryDaoTest  - The delete id is: 3
2016-11-09 18:17:30,715 1433 [main] INFO  edu.matc.persistence.CategoryDao  - Category from id name success: Success List size of cat [edu.matc.entity.Category@1522d8a0]
2016-11-09 18:17:30,715 1433 [main] INFO  edu.matc.persistence.CategoryDaoTest  - The category id for success: 4
2016-11-09 18:17:30,738 1456 [main] INFO  edu.matc.persistence.CategoryDaoTest  - The id of the added category: 10
2016-11-09 18:17:30,748 1466 [main] INFO  edu.matc.persistence.CategoryDaoTest  - The category list is: [edu.matc.entity.Category@75b25825, edu.matc.entity.Category@18025ced, edu.matc.entity.Category@13cf7d52]
2016-11-09 18:17:30,765 1483 [main] INFO  edu.matc.persistence.CategoryDaoTest  - The category is: edu.matc.entity.Category@6f0b0a5e
2016-11-09 18:17:30,800 1518 [main] INFO  edu.matc.persistence.CategoryDaoTest  - This is the update test: edu.matc.entity.Category@4b20ca2b
2016-11-09 18:17:49,659 0    [main] INFO  org.hibernate.annotations.common.Version  - HCANN000001: Hibernate Commons Annotations {4.0.5.Final}
2016-11-09 18:17:49,664 5    [main] INFO  org.hibernate.Version  - HHH000412: Hibernate Core {4.3.11.Final}
2016-11-09 18:17:49,666 7    [main] INFO  org.hibernate.cfg.Environment  - HHH000206: hibernate.properties not found
2016-11-09 18:17:49,667 8    [main] INFO  org.hibernate.cfg.Environment  - HHH000021: Bytecode provider name : javassist
2016-11-09 18:17:49,687 28   [main] INFO  org.hibernate.cfg.Configuration  - HHH000043: Configuring from resource: /hibernate.cfg.xml
2016-11-09 18:17:49,688 29   [main] INFO  org.hibernate.cfg.Configuration  - HHH000040: Configuration resource: /hibernate.cfg.xml
2016-11-09 18:17:49,768 109  [main] INFO  org.hibernate.cfg.Configuration  - HHH000041: Configured SessionFactory: null
2016-11-09 18:17:49,861 202  [main] WARN  org.hibernate.engine.jdbc.connections.internal.DriverManagerConnectionProviderImpl  - HHH000402: Using Hibernate built-in connection pool (not for production use!)
2016-11-09 18:17:49,867 208  [main] INFO  org.hibernate.engine.jdbc.connections.internal.DriverManagerConnectionProviderImpl  - HHH000401: using driver [com.mysql.jdbc.Driver] at URL [jdbc:mysql://localhost:3306/affirmation_db]
2016-11-09 18:17:49,868 209  [main] INFO  org.hibernate.engine.jdbc.connections.internal.DriverManagerConnectionProviderImpl  - HHH000046: Connection properties: {user=root, password=****}
2016-11-09 18:17:49,868 209  [main] INFO  org.hibernate.engine.jdbc.connections.internal.DriverManagerConnectionProviderImpl  - HHH000006: Autocommit mode: false
2016-11-09 18:17:49,869 210  [main] INFO  org.hibernate.engine.jdbc.connections.internal.DriverManagerConnectionProviderImpl  - HHH000115: Hibernate connection pool size: 20 (min=1)
2016-11-09 18:17:50,244 585  [main] INFO  org.hibernate.dialect.Dialect  - HHH000400: Using dialect: org.hibernate.dialect.MySQL5Dialect
2016-11-09 18:17:50,381 722  [main] INFO  org.hibernate.engine.transaction.internal.TransactionFactoryInitiator  - HHH000399: Using default transaction strategy (direct JDBC transactions)
2016-11-09 18:17:50,385 726  [main] INFO  org.hibernate.hql.internal.ast.ASTQueryTranslatorFactory  - HHH000397: Using ASTQueryTranslatorFactory
2016-11-09 18:17:50,918 1259 [main] INFO  edu.matc.persistence.AffirmationDaoTest  - The affirmation list is: [edu.matc.entity.Affirmation@35a9782c, edu.matc.entity.Affirmation@732f29af, edu.matc.entity.Affirmation@d3957fe]
2016-11-09 18:17:50,967 1308 [main] INFO  edu.matc.persistence.AffirmationDaoTest  - The delete id is: 6
2016-11-09 18:17:50,982 1323 [main] INFO  edu.matc.persistence.AffirmationDaoTest  - The id of the added Affirmation: 10
2016-11-09 18:17:50,991 1332 [main] INFO  edu.matc.persistence.AffirmationDaoTest  - The affirmation is: edu.matc.entity.Affirmation@2cc3ad05
2016-11-09 18:17:51,028 1369 [main] INFO  edu.matc.persistence.CategoryDao  - Category from id name success: Success List size of cat [edu.matc.entity.Category@2371aaca]
2016-11-09 18:17:51,038 1379 [main] INFO  edu.matc.persistence.AffirmationDaoTest  - The list of aff by category: [edu.matc.entity.Affirmation@2374d36a, edu.matc.entity.Affirmation@54d18072]
2016-11-09 18:17:51,063 1404 [main] INFO  edu.matc.persistence.AffirmationDaoTest  - This is the update test: edu.matc.entity.Affirmation@4e70a728
2016-11-09 18:17:51,101 1442 [main] INFO  edu.matc.persistence.CategoryDaoTest  - The delete id is: 3
2016-11-09 18:17:51,115 1456 [main] INFO  edu.matc.persistence.CategoryDao  - Category from id name success: Success List size of cat [edu.matc.entity.Category@1522d8a0]
2016-11-09 18:17:51,115 1456 [main] INFO  edu.matc.persistence.CategoryDaoTest  - The category id for success: 4
2016-11-09 18:17:51,138 1479 [main] INFO  edu.matc.persistence.CategoryDaoTest  - The id of the added category: 10
2016-11-09 18:17:51,150 1491 [main] INFO  edu.matc.persistence.CategoryDaoTest  - The category list is: [edu.matc.entity.Category@75b25825, edu.matc.entity.Category@18025ced, edu.matc.entity.Category@13cf7d52]
2016-11-09 18:17:51,167 1508 [main] INFO  edu.matc.persistence.CategoryDaoTest  - The category is: edu.matc.entity.Category@6f0b0a5e
2016-11-09 18:17:51,194 1535 [main] INFO  edu.matc.persistence.CategoryDaoTest  - This is the update test: edu.matc.entity.Category@4b20ca2b
2016-11-09 18:18:12,874 0    [http-nio-8080-exec-9] INFO  org.hibernate.annotations.common.Version  - HCANN000001: Hibernate Commons Annotations {4.0.5.Final}
2016-11-09 18:18:12,888 14   [http-nio-8080-exec-9] INFO  org.hibernate.Version  - HHH000412: Hibernate Core {4.3.11.Final}
2016-11-09 18:18:12,892 18   [http-nio-8080-exec-9] INFO  org.hibernate.cfg.Environment  - HHH000206: hibernate.properties not found
2016-11-09 18:18:12,894 20   [http-nio-8080-exec-9] INFO  org.hibernate.cfg.Environment  - HHH000021: Bytecode provider name : javassist
2016-11-09 18:18:12,934 60   [http-nio-8080-exec-9] INFO  org.hibernate.cfg.Configuration  - HHH000043: Configuring from resource: /hibernate.cfg.xml
2016-11-09 18:18:12,934 60   [http-nio-8080-exec-9] INFO  org.hibernate.cfg.Configuration  - HHH000040: Configuration resource: /hibernate.cfg.xml
2016-11-09 18:18:13,005 131  [http-nio-8080-exec-9] INFO  org.hibernate.cfg.Configuration  - HHH000041: Configured SessionFactory: null
2016-11-09 18:18:13,155 281  [http-nio-8080-exec-9] WARN  org.hibernate.engine.jdbc.connections.internal.DriverManagerConnectionProviderImpl  - HHH000402: Using Hibernate built-in connection pool (not for production use!)
2016-11-09 18:18:13,161 287  [http-nio-8080-exec-9] INFO  org.hibernate.engine.jdbc.connections.internal.DriverManagerConnectionProviderImpl  - HHH000401: using driver [com.mysql.jdbc.Driver] at URL [jdbc:mysql://localhost:3306/AffirmationDB]
2016-11-09 18:18:13,162 288  [http-nio-8080-exec-9] INFO  org.hibernate.engine.jdbc.connections.internal.DriverManagerConnectionProviderImpl  - HHH000046: Connection properties: {user=root, password=****}
2016-11-09 18:18:13,162 288  [http-nio-8080-exec-9] INFO  org.hibernate.engine.jdbc.connections.internal.DriverManagerConnectionProviderImpl  - HHH000006: Autocommit mode: false
2016-11-09 18:18:13,164 290  [http-nio-8080-exec-9] INFO  org.hibernate.engine.jdbc.connections.internal.DriverManagerConnectionProviderImpl  - HHH000115: Hibernate connection pool size: 20 (min=1)
2016-11-09 18:18:13,499 625  [http-nio-8080-exec-9] INFO  org.hibernate.dialect.Dialect  - HHH000400: Using dialect: org.hibernate.dialect.MySQL5Dialect
2016-11-09 18:18:13,705 831  [http-nio-8080-exec-9] INFO  org.hibernate.engine.transaction.internal.TransactionFactoryInitiator  - HHH000399: Using default transaction strategy (direct JDBC transactions)
2016-11-09 18:18:13,740 866  [http-nio-8080-exec-9] INFO  org.hibernate.hql.internal.ast.ASTQueryTranslatorFactory  - HHH000397: Using ASTQueryTranslatorFactory
2016-11-09 18:20:06,519 113645 [http-nio-8080-exec-4] INFO  edu.matc.persistence.CategoryDao  - Category from id name success: Success List size of cat [edu.matc.entity.Category@23b56cd4]
2016-11-09 19:04:45,313 0    [main] INFO  org.hibernate.annotations.common.Version  - HCANN000001: Hibernate Commons Annotations {4.0.5.Final}
2016-11-09 19:04:45,319 6    [main] INFO  org.hibernate.Version  - HHH000412: Hibernate Core {4.3.11.Final}
2016-11-09 19:04:45,321 8    [main] INFO  org.hibernate.cfg.Environment  - HHH000206: hibernate.properties not found
2016-11-09 19:04:45,322 9    [main] INFO  org.hibernate.cfg.Environment  - HHH000021: Bytecode provider name : javassist
2016-11-09 19:04:45,338 25   [main] INFO  org.hibernate.cfg.Configuration  - HHH000043: Configuring from resource: /hibernate.cfg.xml
2016-11-09 19:04:45,339 26   [main] INFO  org.hibernate.cfg.Configuration  - HHH000040: Configuration resource: /hibernate.cfg.xml
2016-11-09 19:04:45,421 108  [main] INFO  org.hibernate.cfg.Configuration  - HHH000041: Configured SessionFactory: null
2016-11-09 19:04:45,508 195  [main] WARN  org.hibernate.engine.jdbc.connections.internal.DriverManagerConnectionProviderImpl  - HHH000402: Using Hibernate built-in connection pool (not for production use!)
2016-11-09 19:04:45,516 203  [main] INFO  org.hibernate.engine.jdbc.connections.internal.DriverManagerConnectionProviderImpl  - HHH000401: using driver [com.mysql.jdbc.Driver] at URL [jdbc:mysql://localhost:3306/affirmation_db]
2016-11-09 19:04:45,516 203  [main] INFO  org.hibernate.engine.jdbc.connections.internal.DriverManagerConnectionProviderImpl  - HHH000046: Connection properties: {user=root, password=****}
2016-11-09 19:04:45,516 203  [main] INFO  org.hibernate.engine.jdbc.connections.internal.DriverManagerConnectionProviderImpl  - HHH000006: Autocommit mode: false
2016-11-09 19:04:45,518 205  [main] INFO  org.hibernate.engine.jdbc.connections.internal.DriverManagerConnectionProviderImpl  - HHH000115: Hibernate connection pool size: 20 (min=1)
2016-11-09 19:04:45,878 565  [main] INFO  org.hibernate.dialect.Dialect  - HHH000400: Using dialect: org.hibernate.dialect.MySQL5Dialect
2016-11-09 19:04:45,989 676  [main] INFO  org.hibernate.engine.transaction.internal.TransactionFactoryInitiator  - HHH000399: Using default transaction strategy (direct JDBC transactions)
2016-11-09 19:04:45,992 679  [main] INFO  org.hibernate.hql.internal.ast.ASTQueryTranslatorFactory  - HHH000397: Using ASTQueryTranslatorFactory
2016-11-09 19:04:46,453 1140 [main] INFO  edu.matc.persistence.AffirmationDaoTest  - The affirmation list is: [edu.matc.entity.Affirmation@70a36a66, edu.matc.entity.Affirmation@d3957fe, edu.matc.entity.Affirmation@6622fc65]
2016-11-09 19:04:46,488 1175 [main] INFO  edu.matc.persistence.AffirmationDaoTest  - The delete id is: 6
2016-11-09 19:04:46,497 1184 [main] INFO  edu.matc.persistence.AffirmationDaoTest  - The id of the added Affirmation: 10
2016-11-09 19:04:46,506 1193 [main] INFO  edu.matc.persistence.AffirmationDaoTest  - The affirmation is: edu.matc.entity.Affirmation@710b18a6
2016-11-09 19:04:46,535 1222 [main] INFO  edu.matc.persistence.CategoryDao  - Category from id name success: Success List size of cat [edu.matc.entity.Category@5b529706]
2016-11-09 19:04:46,545 1232 [main] INFO  edu.matc.persistence.AffirmationDaoTest  - The list of aff by category: [edu.matc.entity.Affirmation@54d18072, edu.matc.entity.Affirmation@1506f20f]
2016-11-09 19:04:46,562 1249 [main] INFO  edu.matc.persistence.AffirmationDaoTest  - This is the update test: edu.matc.entity.Affirmation@b7838a9
2016-11-09 19:04:46,583 1270 [main] INFO  edu.matc.persistence.CategoryDaoTest  - The delete id is: 3
2016-11-09 19:04:46,594 1281 [main] INFO  edu.matc.persistence.CategoryDao  - Category from id name success: Success List size of cat [edu.matc.entity.Category@312ab28e]
2016-11-09 19:04:46,594 1281 [main] INFO  edu.matc.persistence.CategoryDaoTest  - The category id for success: 4
2016-11-09 19:04:46,615 1302 [main] INFO  edu.matc.persistence.CategoryDaoTest  - The id of the added category: 10
2016-11-09 19:04:46,625 1312 [main] INFO  edu.matc.persistence.CategoryDaoTest  - The category list is: [edu.matc.entity.Category@18025ced, edu.matc.entity.Category@13cf7d52, edu.matc.entity.Category@3a3e4aff]
2016-11-09 19:04:46,639 1326 [main] INFO  edu.matc.persistence.CategoryDaoTest  - The category is: edu.matc.entity.Category@6035b93b
2016-11-09 19:04:46,662 1349 [main] INFO  edu.matc.persistence.CategoryDaoTest  - This is the update test: edu.matc.entity.Category@1cbf6e72
2016-11-09 19:20:34,972 0    [http-nio-8080-exec-4] INFO  org.hibernate.annotations.common.Version  - HCANN000001: Hibernate Commons Annotations {4.0.5.Final}
2016-11-09 19:20:34,986 14   [http-nio-8080-exec-4] INFO  org.hibernate.Version  - HHH000412: Hibernate Core {4.3.11.Final}
2016-11-09 19:20:34,990 18   [http-nio-8080-exec-4] INFO  org.hibernate.cfg.Environment  - HHH000206: hibernate.properties not found
2016-11-09 19:20:34,993 21   [http-nio-8080-exec-4] INFO  org.hibernate.cfg.Environment  - HHH000021: Bytecode provider name : javassist
2016-11-09 19:20:35,046 74   [http-nio-8080-exec-4] INFO  org.hibernate.cfg.Configuration  - HHH000043: Configuring from resource: /hibernate.cfg.xml
2016-11-09 19:20:35,046 74   [http-nio-8080-exec-4] INFO  org.hibernate.cfg.Configuration  - HHH000040: Configuration resource: /hibernate.cfg.xml
2016-11-09 19:20:35,116 144  [http-nio-8080-exec-4] INFO  org.hibernate.cfg.Configuration  - HHH000041: Configured SessionFactory: null
2016-11-09 19:20:35,271 299  [http-nio-8080-exec-4] WARN  org.hibernate.engine.jdbc.connections.internal.DriverManagerConnectionProviderImpl  - HHH000402: Using Hibernate built-in connection pool (not for production use!)
2016-11-09 19:20:35,279 307  [http-nio-8080-exec-4] INFO  org.hibernate.engine.jdbc.connections.internal.DriverManagerConnectionProviderImpl  - HHH000401: using driver [com.mysql.jdbc.Driver] at URL [jdbc:mysql://localhost:3306/AffirmationDB]
2016-11-09 19:20:35,279 307  [http-nio-8080-exec-4] INFO  org.hibernate.engine.jdbc.connections.internal.DriverManagerConnectionProviderImpl  - HHH000046: Connection properties: {user=root, password=****}
2016-11-09 19:20:35,280 308  [http-nio-8080-exec-4] INFO  org.hibernate.engine.jdbc.connections.internal.DriverManagerConnectionProviderImpl  - HHH000006: Autocommit mode: false
2016-11-09 19:20:35,282 310  [http-nio-8080-exec-4] INFO  org.hibernate.engine.jdbc.connections.internal.DriverManagerConnectionProviderImpl  - HHH000115: Hibernate connection pool size: 20 (min=1)
2016-11-09 19:20:35,618 646  [http-nio-8080-exec-4] INFO  org.hibernate.dialect.Dialect  - HHH000400: Using dialect: org.hibernate.dialect.MySQL5Dialect
2016-11-09 19:20:35,829 857  [http-nio-8080-exec-4] INFO  org.hibernate.engine.transaction.internal.TransactionFactoryInitiator  - HHH000399: Using default transaction strategy (direct JDBC transactions)
2016-11-09 19:20:35,838 866  [http-nio-8080-exec-4] INFO  org.hibernate.hql.internal.ast.ASTQueryTranslatorFactory  - HHH000397: Using ASTQueryTranslatorFactory
2016-11-09 19:20:36,691 1719 [http-nio-8080-exec-4] INFO  edu.matc.persistence.CategoryDao  - Category from id name success: Success List size of cat [edu.matc.entity.Category@83edc21]
2016-11-09 19:20:40,870 5898 [http-nio-8080-exec-5] INFO  edu.matc.persistence.CategoryDao  - Category from id name success: Happiness List size of cat [edu.matc.entity.Category@144819b8]
2016-11-09 19:20:51,085 16113 [http-nio-8080-exec-6] INFO  edu.matc.persistence.CategoryDao  - Category from id name success: Success List size of cat [edu.matc.entity.Category@55c26a2e]
2016-11-09 19:23:37,584 182612 [http-nio-8080-exec-8] INFO  edu.matc.persistence.CategoryDao  - Category from id name success: Confidence List size of cat [edu.matc.entity.Category@717e2b12]
